nmol:   2
 Optimising molecule            1 /           2
 Finished optimisation.
 Optimising molecule            2 /           2
 Finished optimisation.
 MOLEN VALUES:            1  -4.1733985107900002     
 MOLEN VALUES:            2  -4.1733985107900002     
 C    13.219265851030844       -12.012759459111384       -8.5832197036552493     
 H    12.545677849959219       -12.852086460446690       -8.8526267040838551     
 H    12.788491850345515       -11.059591457594967       -8.9529147042434047     
 H    13.328766851205053       -11.965881459036805       -7.4802317019004789     
 H    14.214126852613592       -12.173478459367077       -9.0471057043932568     
 C    9.0418373043848739       -12.315737189593399        13.229454611047053     
 H    8.3682493033132470       -13.155064190928703        12.960047610618448     
 H    8.6110633036995470       -11.362569188076982        12.859759610458896     
 H    9.1513383045590828       -12.268859189518821        14.332442612801822     
 H    10.036698305967622       -12.476456189849092        12.765568610309048     
 keep_cx1:  T F
 keep_cx2:  T F
nmol:   1
 Optimising molecule            1 /           1
 Finished optimisation.
 MOLEN VALUES:            1  -4.1733985107900002     
nmol:   2
 Optimising molecule            1 /           2
 Finished optimisation.
 Optimising molecule            2 /           2
 Finished optimisation.
 MOLEN VALUES:            1  -2.9675318500380001     
 MOLEN VALUES:            2 -0.98268616739600001     
           3           3
 keep_cx1:  F F T
 keep_cx2:  F F T
nmol:   1
 Optimising molecule            1 /           1
 Finished optimisation.
 MOLEN VALUES:            1  -4.1733985107900002     
nmol:   2
 Optimising molecule            1 /           2
 Finished optimisation.
 Optimising molecule            2 /           2
 Finished optimisation.
 MOLEN VALUES:            1  -2.9675318521039999     
 MOLEN VALUES:            2 -0.98268616738799996     
           4           4
 keep_cx1:  T T F F
 keep_cx2:  T T F F
nmol:   2
 Optimising molecule            1 /           2
 Finished optimisation.
 Optimising molecule            2 /           2
 Finished optimisation.
 MOLEN VALUES:            1  -2.9674803147910001     
 MOLEN VALUES:            2 -0.98268616739699999     
nmol:   1
 Optimising molecule            1 /           1
 Finished optimisation.
 MOLEN VALUES:            1  -4.1752185177539998     
           3           3
 keep_cx1:  F T T
 keep_cx2:  F T T
nmol:   2
 Optimising molecule            1 /           2
 Finished optimisation.
 Optimising molecule            2 /           2
 Finished optimisation.
 MOLEN VALUES:            1  -2.9674803158500000     
 MOLEN VALUES:            2 -0.98268616738500003     
nmol:   1
 Optimising molecule            1 /           1
 Finished optimisation.
 MOLEN VALUES:            1  -4.1752185177639998     
           2           2
 keep_cx1:  F T
 keep_cx2:  F T
nmol:   1
 Optimising molecule            1 /           1
 Finished optimisation.
 MOLEN VALUES:            1  -4.1752185177639998     
nmol:   2
 Optimising molecule            1 /           2
 Finished optimisation.
 Optimising molecule            2 /           2
 Finished optimisation.
 MOLEN VALUES:            1  -2.9675318535919999     
 MOLEN VALUES:            2 -0.98268616740600001     
           3           3
